2018-10-11T02:58:56.022Z - normal: Load ~/.CocosCreator/settings.json
2018-10-11T02:58:56.025Z - normal: checking language setting...
2018-10-11T02:58:56.025Z - normal: Language: zh
2018-10-11T02:58:56.494Z - success: protocol editor-framework registered
2018-10-11T02:58:56.494Z - success: protocol app registered
2018-10-11T02:58:56.494Z - success: protocol theme registered
2018-10-11T02:58:56.494Z - success: protocol packages registered
2018-10-11T02:58:56.495Z - success: protocol unpack registerred
2018-10-11T02:58:56.495Z - success: protocol disable-commonjs registerred
2018-10-11T02:58:56.665Z - normal: connected!
2018-10-11T02:58:56.668Z - normal: Check project /Users/guoyouchao/Desktop/work/Ty/wx-addone6/trunk
2018-10-11T02:58:56.672Z - normal: Initializing project /Users/guoyouchao/Desktop/work/Ty/wx-addone6/trunk
2018-10-11T02:58:56.676Z - normal: Initializing Cocos2d
2018-10-11T02:58:57.275Z - normal: Initializing Asset Database
2018-10-11T02:58:57.320Z - success: protocol uuid registerred
2018-10-11T02:58:57.321Z - success: protocol db registerred
2018-10-11T02:58:57.321Z - success: protocol thumbnail registerred
2018-10-11T02:58:57.321Z - normal: Loading editor/builtin packages
2018-10-11T02:58:57.462Z - success: assets loaded
2018-10-11T02:58:57.465Z - success: builder loaded
2018-10-11T02:58:57.468Z - success: cocos-analytics loaded
2018-10-11T02:58:57.473Z - success: console loaded
2018-10-11T02:58:57.506Z - success: fb-instant-games loaded
2018-10-11T02:58:57.512Z - success: hierarchy loaded
2018-10-11T02:58:57.516Z - success: inspector loaded
2018-10-11T02:58:57.517Z - success: keystore loaded
2018-10-11T02:58:57.525Z - success: node-library loaded
2018-10-11T02:58:57.527Z - success: package-asset loaded
2018-10-11T02:58:57.529Z - success: preferences loaded
2018-10-11T02:58:57.532Z - success: project-exporter loaded
2018-10-11T02:58:57.548Z - success: project-importer loaded
2018-10-11T02:58:57.551Z - success: project-settings loaded
2018-10-11T02:58:57.555Z - success: ui-kit loaded
2018-10-11T02:58:57.560Z - success: scene loaded
2018-10-11T02:58:57.561Z - success: sprite-editor loaded
2018-10-11T02:58:57.566Z - success: store loaded
2018-10-11T02:58:57.572Z - success: timeline loaded
2018-10-11T02:58:57.572Z - normal: Loading builtin packages
2018-10-11T02:58:57.576Z - success: asset-db-debugger loaded
2018-10-11T02:58:57.577Z - success: color-picker loaded
2018-10-11T02:58:57.578Z - success: jsb-adapter loaded
2018-10-11T02:58:57.582Z - success: package-manager loaded
2018-10-11T02:58:57.681Z - success: qqplay-adapter loaded
2018-10-11T02:58:57.689Z - success: sdkbox loaded
2018-10-11T02:58:57.693Z - success: tester loaded
2018-10-11T02:58:57.697Z - success: ui-grid loaded
2018-10-11T02:58:57.700Z - success: ui-kit-preview-extra loaded
2018-10-11T02:58:57.703Z - success: ui-kit-preview loaded
2018-10-11T02:58:57.706Z - success: ui-tree loaded
2018-10-11T02:58:57.707Z - success: weapp-adapter loaded
2018-10-11T02:58:58.693Z - normal: Loading packages
2018-10-11T02:58:58.702Z - normal: Watching packages
2018-10-11T02:58:58.777Z - normal: Run Application
2018-10-11T02:59:01.772Z - success: preview server running at http://localhost:7456
2018-10-11T02:59:10.916Z - normal: AddOne boot start
2018-10-11T02:59:10.929Z - normal: AddOne boot end
2018-10-11T02:59:10.990Z - warn: Should not specify class name effect for Component which defines in project.
2018-10-11T02:59:10.991Z - warn: Can not instantiate CCClass 'effect' with arguments.
2018-10-11T05:53:31.640Z - normal: AddOne boot start
2018-10-11T05:53:31.654Z - normal: AddOne boot end
2018-10-11T05:53:31.732Z - warn: Should not specify class name effect for Component which defines in project.
2018-10-11T05:53:31.733Z - warn: Can not instantiate CCClass 'effect' with arguments.
