2018-10-04T11:08:00.347Z - normal: Load ~/.CocosCreator/settings.json
2018-10-04T11:08:00.351Z - normal: checking language setting...
2018-10-04T11:08:00.352Z - normal: Language: zh
2018-10-04T11:08:00.938Z - success: protocol editor-framework registered
2018-10-04T11:08:00.938Z - success: protocol app registered
2018-10-04T11:08:00.939Z - success: protocol theme registered
2018-10-04T11:08:00.939Z - success: protocol packages registered
2018-10-04T11:08:00.939Z - success: protocol unpack registerred
2018-10-04T11:08:00.939Z - success: protocol disable-commonjs registerred
2018-10-04T11:08:01.373Z - normal: connected!
2018-10-04T11:08:01.376Z - normal: Check project /Users/guoyouchao/Desktop/work/Ty/happyaddone/wx-addone/branch/huanpi
2018-10-04T11:08:01.380Z - normal: Initializing project /Users/guoyouchao/Desktop/work/Ty/happyaddone/wx-addone/branch/huanpi
2018-10-04T11:08:01.384Z - normal: Initializing Cocos2d
2018-10-04T11:08:02.137Z - normal: Initializing Asset Database
2018-10-04T11:08:02.185Z - success: protocol uuid registerred
2018-10-04T11:08:02.185Z - success: protocol db registerred
2018-10-04T11:08:02.186Z - success: protocol thumbnail registerred
2018-10-04T11:08:02.186Z - normal: Loading editor/builtin packages
2018-10-04T11:08:02.357Z - success: assets loaded
2018-10-04T11:08:02.364Z - success: builder loaded
2018-10-04T11:08:02.366Z - success: cocos-analytics loaded
2018-10-04T11:08:02.371Z - success: console loaded
2018-10-04T11:08:02.418Z - success: fb-instant-games loaded
2018-10-04T11:08:02.423Z - success: hierarchy loaded
2018-10-04T11:08:02.430Z - success: inspector loaded
2018-10-04T11:08:02.431Z - success: keystore loaded
2018-10-04T11:08:02.437Z - success: node-library loaded
2018-10-04T11:08:02.438Z - success: package-asset loaded
2018-10-04T11:08:02.439Z - success: preferences loaded
2018-10-04T11:08:02.442Z - success: project-exporter loaded
2018-10-04T11:08:02.460Z - success: project-importer loaded
2018-10-04T11:08:02.464Z - success: project-settings loaded
2018-10-04T11:08:02.470Z - success: ui-kit loaded
2018-10-04T11:08:02.474Z - success: scene loaded
2018-10-04T11:08:02.476Z - success: sprite-editor loaded
2018-10-04T11:08:02.481Z - success: store loaded
2018-10-04T11:08:02.486Z - success: timeline loaded
2018-10-04T11:08:02.487Z - normal: Loading builtin packages
2018-10-04T11:08:02.498Z - success: asset-db-debugger loaded
2018-10-04T11:08:02.499Z - success: color-picker loaded
2018-10-04T11:08:02.500Z - success: jsb-adapter loaded
2018-10-04T11:08:02.505Z - success: package-manager loaded
2018-10-04T11:08:02.612Z - success: qqplay-adapter loaded
2018-10-04T11:08:02.619Z - success: sdkbox loaded
2018-10-04T11:08:02.624Z - success: tester loaded
2018-10-04T11:08:02.629Z - success: ui-grid loaded
2018-10-04T11:08:02.634Z - success: ui-kit-preview-extra loaded
2018-10-04T11:08:02.638Z - success: ui-kit-preview loaded
2018-10-04T11:08:02.642Z - success: ui-tree loaded
2018-10-04T11:08:02.643Z - success: weapp-adapter loaded
2018-10-04T11:08:03.781Z - normal: Loading packages
2018-10-04T11:08:03.786Z - normal: Watching packages
2018-10-04T11:08:03.879Z - normal: Run Application
2018-10-04T11:08:11.825Z - success: preview server running at http://localhost:7458
2018-10-04T11:08:21.586Z - normal: AddOne boot start
2018-10-04T11:08:21.594Z - normal: AddOne boot end
2018-10-04T11:08:21.638Z - warn: Should not specify class name effect for Component which defines in project.
2018-10-04T11:08:21.638Z - warn: Can not instantiate CCClass 'effect' with arguments.
2018-10-04T11:08:39.593Z - normal: Simulator: WORKAREA WIDTH 1440.00, HEIGHT 855.00
2018-10-04T11:08:39.594Z - normal: Simulator: FRAME SCALE = 0.75
2018-10-04T11:08:39.692Z - normal: Simulator: GLFWError #65544 Happen, Cocoa: Failed to retrieve display name
2018-10-04T11:08:39.693Z - normal: Simulator: 
2018-10-04T11:08:39.693Z - normal: Simulator: {
2018-10-04T11:08:39.693Z - normal: Simulator: 	gl.vendor: Intel Inc.
2018-10-04T11:08:39.784Z - normal: Simulator: 	gl.supports_PVRTC: false
2018-10-04T11:08:39.784Z - normal: Simulator: 	gl.renderer: Intel Iris Pro OpenGL Engine
2018-10-04T11:08:39.786Z - normal: Simulator: 	gl.supports_ATITC: false
2018-10-04T11:08:39.786Z - normal: Simulator: 	gl.supports_discard_framebuffer: false
2018-10-04T11:08:39.787Z - normal: Simulator: 	gl.supports_NPOT: true
2018-10-04T11:08:39.787Z - normal: Simulator: 	gl.max_texture_units: 16
2018-10-04T11:08:39.787Z - normal: Simulator: 	gl.supports_OES_depth24: false
2018-10-04T11:08:39.787Z - normal: Simulator: 	cocos2d.x.compiled_with_profiler: false
2018-10-04T11:08:39.788Z - normal: Simulator: 	gl.supports_OES_packed_depth_stencil: false
2018-10-04T11:08:39.788Z - normal: Simulator: 	gl.supports_vertex_array_object: true
2018-10-04T11:08:39.788Z - normal: Simulator: 	gl.supports_OES_map_buffer: false
2018-10-04T11:08:39.788Z - normal: Simulator: 	gl.version: 2.1 INTEL-10.36.19
2018-10-04T11:08:39.789Z - normal: Simulator: 	gl.supports_S3TC: true
2018-10-04T11:08:39.789Z - normal: Simulator: 	cocos2d.x.compiled_with_gl_state_cache: true
2018-10-04T11:08:39.789Z - normal: Simulator: 	gl.supports_BGRA8888: false
2018-10-04T11:08:39.789Z - normal: Simulator: 	gl.max_texture_size: 16384
2018-10-04T11:08:39.790Z - normal: Simulator: 	gl.supports_ETC1: false
2018-10-04T11:08:39.790Z - normal: Simulator: 	cocos2d.x.build_type: DEBUG
2018-10-04T11:08:39.790Z - normal: Simulator: }
2018-10-04T11:08:39.815Z - normal: Simulator: Project Config:
2018-10-04T11:08:39.815Z - normal: Simulator:     project dir: /Users/guoyouchao/Desktop/work/Cocos官方版本/CocosCreator.app/Contents/Resources/cocos2d-x/simulator/mac/Simulator.app/Contents/Resources/
2018-10-04T11:08:39.816Z - normal: Simulator:     writable path: $(PROJDIR)/
2018-10-04T11:08:39.816Z - normal: Simulator:     script file: $(PROJDIR)/main.js
2018-10-04T11:08:39.816Z - normal: Simulator:     frame size: 640 x 960
2018-10-04T11:08:39.817Z - normal: Simulator:     frame scale: 0.75
2018-10-04T11:08:39.817Z - normal: Simulator:     show console: NO
2018-10-04T11:08:39.817Z - normal: Simulator:     write debug log: NO ()
2018-10-04T11:08:39.818Z - normal: Simulator:     listen: 
2018-10-04T11:08:39.818Z - normal: Simulator:     debugger: none
2018-10-04T11:08:39.819Z - normal: Simulator:     add searching path:
2018-10-04T11:08:39.819Z - normal: Simulator: 
2018-10-04T11:08:39.819Z - normal: Simulator: 
2018-10-04T11:08:39.819Z - normal: Simulator: 
2018-10-04T11:08:39.820Z - normal: Simulator: resetDesignResolution request
2018-10-04T11:08:39.820Z - normal: Simulator: ------------------------------------------------
2018-10-04T11:08:39.820Z - normal: Simulator: LOAD Js FILE: jsb-adapter/jsb-builtin.js
2018-10-04T11:08:39.820Z - normal: Simulator: ------------------------------------------------
2018-10-04T11:08:39.821Z - normal: Simulator: Initializing JavaScriptCore 
2018-10-04T11:08:39.821Z - normal: Simulator: JS: Enable batch GL commands optimization!
2018-10-04T11:08:39.821Z - normal: Simulator: resetDesignResolution request
2018-10-04T11:08:39.822Z - normal: Simulator: ------------------------------------------------
2018-10-04T11:08:39.822Z - normal: Simulator: LOAD Js FILE: main.js
2018-10-04T11:08:39.822Z - normal: Simulator: ------------------------------------------------
2018-10-04T11:08:40.516Z - normal: Simulator: iShow!
2018-10-04T11:08:40.671Z - normal: Simulator: glGetIntegerv: pname: 0x8b4c
2018-10-04T11:08:40.671Z - normal: Simulator: glGetIntegerv: pname: 0x8869
2018-10-04T11:08:40.691Z - normal: Simulator: JS: Cocos Creator v2.0.1
2018-10-04T11:08:40.790Z - normal: Simulator: JS: AddOne boot start
2018-10-04T11:08:40.793Z - normal: Simulator: JS: AddOne boot end
2018-10-04T11:08:40.805Z - normal: Simulator: JS: [WARN]: Should not specify class name effect for Component which defines in project.
2018-10-04T11:08:40.805Z - normal: Simulator: JS: [WARN]: Can not instantiate CCClass 'effect' with arguments.
2018-10-04T11:08:41.057Z - error: Simulator: ERROR: ReferenceError: Can't find variable: wx, location: assets/Script/gamestart.js:189:11
STACK:
onLoad@assets/Script/gamestart.js:189:11
anonymous
invoke@src/cocos2d-jsb.js:11671:23
activateNode@src/cocos2d-jsb.js:21977:31
_activate@src/cocos2d-jsb.js:8930:50
runSceneImmediate@src/cocos2d-jsb.js:6890:26
main.js:53:54
src/cocos2d-jsb.js:24630:33
src/cocos2d-jsb.js:20083:38
src/cocos2d-jsb.js:29176:21
fireTimeout@jsb-adapter/jsb-builtin.js:2058:30
tick@jsb-adapter/jsb-builtin.js:2023:16
    at HTMLElement.print-simulator-log (/Users/guoyouchao/Desktop/work/Cocos官方版本/CocosCreator.app/Contents/Resources/app.asar/editor/builtin/scene/panel/messages/scene.js:1:1487)
    at Object.e._dispatch (/Users/guoyouchao/Desktop/work/Cocos官方版本/CocosCreator.app/Contents/Resources/app.asar/editor-framework/lib/renderer/panel.js:1:1941)
    at EventEmitter.o.on.s (/Users/guoyouchao/Desktop/work/Cocos官方版本/CocosCreator.app/Contents/Resources/app.asar/editor-framework/lib/renderer/ipc.js:1:2917)
    at emitMany (events.js:127:13)
    at EventEmitter.emit (events.js:204:7)
2018-10-04T11:08:41.061Z - error: Simulator: ERROR: TypeError: null is not an object (evaluating 'node._components.length'), location: src/cocos2d-jsb.js:20621:45
STACK:
visitNode@src/cocos2d-jsb.js:20621:45
autoRelease@src/cocos2d-jsb.js:20629:72
runSceneImmediate@src/cocos2d-jsb.js:6879:39
main.js:53:54
src/cocos2d-jsb.js:24630:33
src/cocos2d-jsb.js:20083:38
src/cocos2d-jsb.js:29176:21
fireTimeout@jsb-adapter/jsb-builtin.js:2058:30
tick@jsb-adapter/jsb-builtin.js:2023:16
    at HTMLElement.print-simulator-log (/Users/guoyouchao/Desktop/work/Cocos官方版本/CocosCreator.app/Contents/Resources/app.asar/editor/builtin/scene/panel/messages/scene.js:1:1487)
    at Object.e._dispatch (/Users/guoyouchao/Desktop/work/Cocos官方版本/CocosCreator.app/Contents/Resources/app.asar/editor-framework/lib/renderer/panel.js:1:1941)
    at EventEmitter.o.on.s (/Users/guoyouchao/Desktop/work/Cocos官方版本/CocosCreator.app/Contents/Resources/app.asar/editor-framework/lib/renderer/ipc.js:1:2917)
    at emitMany (events.js:127:13)
    at EventEmitter.emit (events.js:204:7)
2018-10-04T11:08:41.093Z - error: Simulator: ERROR: TypeError: null is not an object (evaluating 'this._components.length'), location: src/cocos2d-jsb.js:42345:40
STACK:
_disableChildComps@src/cocos2d-jsb.js:42345:40
_disableChildComps@src/cocos2d-jsb.js:42352:52
destroy@src/cocos2d-jsb.js:42356:103
destroy@src/cocos2d-jsb.js:8914:22
src/cocos2d-jsb.js:25067:41
runSceneImmediate@src/cocos2d-jsb.js:6882:51
main.js:53:54
src/cocos2d-jsb.js:24630:33
src/cocos2d-jsb.js:20083:38
src/cocos2d-jsb.js:29176:21
fireTimeout@jsb-adapter/jsb-builtin.js:2058:30
tick@jsb-adapter/jsb-builtin.js:2023:16
    at HTMLElement.print-simulator-log (/Users/guoyouchao/Desktop/work/Cocos官方版本/CocosCreator.app/Contents/Resources/app.asar/editor/builtin/scene/panel/messages/scene.js:1:1487)
    at Object.e._dispatch (/Users/guoyouchao/Desktop/work/Cocos官方版本/CocosCreator.app/Contents/Resources/app.asar/editor-framework/lib/renderer/panel.js:1:1941)
    at EventEmitter.o.on.s (/Users/guoyouchao/Desktop/work/Cocos官方版本/CocosCreator.app/Contents/Resources/app.asar/editor-framework/lib/renderer/ipc.js:1:2917)
    at emitMany (events.js:127:13)
    at EventEmitter.emit (events.js:204:7)
2018-10-04T11:08:41.097Z - normal: Simulator: JS: [ERROR]: object already destroyed
2018-10-04T11:08:41.109Z - error: Simulator: ERROR: TypeError: null is not an object (evaluating 'node._components.length'), location: src/cocos2d-jsb.js:21926:45
STACK:
_activateNodeRecursively@src/cocos2d-jsb.js:21926:45
activateNode@src/cocos2d-jsb.js:21975:42
_activate@src/cocos2d-jsb.js:8930:50
runSceneImmediate@src/cocos2d-jsb.js:6890:26
main.js:53:54
src/cocos2d-jsb.js:24630:33
src/cocos2d-jsb.js:20083:38
src/cocos2d-jsb.js:29176:21
fireTimeout@jsb-adapter/jsb-builtin.js:2058:30
tick@jsb-adapter/jsb-builtin.js:2023:16
    at HTMLElement.print-simulator-log (/Users/guoyouchao/Desktop/work/Cocos官方版本/CocosCreator.app/Contents/Resources/app.asar/editor/builtin/scene/panel/messages/scene.js:1:1487)
    at Object.e._dispatch (/Users/guoyouchao/Desktop/work/Cocos官方版本/CocosCreator.app/Contents/Resources/app.asar/editor-framework/lib/renderer/panel.js:1:1941)
    at EventEmitter.o.on.s (/Users/guoyouchao/Desktop/work/Cocos官方版本/CocosCreator.app/Contents/Resources/app.asar/editor-framework/lib/renderer/ipc.js:1:2917)
    at emitMany (events.js:127:13)
    at EventEmitter.emit (events.js:204:7)
2018-10-04T11:08:41.109Z - error: Simulator: ERROR: TypeError: null is not an object (evaluating 'node._components.length'), location: src/cocos2d-jsb.js:21926:45
STACK:
_activateNodeRecursively@src/cocos2d-jsb.js:21926:45
activateNode@src/cocos2d-jsb.js:21975:42
_activate@src/cocos2d-jsb.js:8930:50
runSceneImmediate@src/cocos2d-jsb.js:6890:26
main.js:53:54
src/cocos2d-jsb.js:24630:33
src/cocos2d-jsb.js:20083:38
src/cocos2d-jsb.js:29176:21
fireTimeout@jsb-adapter/jsb-builtin.js:2058:30
tick@jsb-adapter/jsb-builtin.js:2023:16
    at HTMLElement.print-simulator-log (/Users/guoyouchao/Desktop/work/Cocos官方版本/CocosCreator.app/Contents/Resources/app.asar/editor/builtin/scene/panel/messages/scene.js:1:1487)
    at Object.e._dispatch (/Users/guoyouchao/Desktop/work/Cocos官方版本/CocosCreator.app/Contents/Resources/app.asar/editor-framework/lib/renderer/panel.js:1:1941)
    at EventEmitter.o.on.s (/Users/guoyouchao/Desktop/work/Cocos官方版本/CocosCreator.app/Contents/Resources/app.asar/editor-framework/lib/renderer/ipc.js:1:2917)
    at emitMany (events.js:127:13)
    at EventEmitter.emit (events.js:204:7)
2018-10-04T11:08:41.130Z - error: Simulator: ERROR: TypeError: null is not an object (evaluating 'node._components.length'), location: src/cocos2d-jsb.js:21926:45
STACK:
_activateNodeRecursively@src/cocos2d-jsb.js:21926:45
activateNode@src/cocos2d-jsb.js:21975:42
_activate@src/cocos2d-jsb.js:8930:50
runSceneImmediate@src/cocos2d-jsb.js:6890:26
main.js:53:54
src/cocos2d-jsb.js:24630:33
src/cocos2d-jsb.js:20083:38
src/cocos2d-jsb.js:29176:21
fireTimeout@jsb-adapter/jsb-builtin.js:2058:30
tick@jsb-adapter/jsb-builtin.js:2023:16
    at HTMLElement.print-simulator-log (/Users/guoyouchao/Desktop/work/Cocos官方版本/CocosCreator.app/Contents/Resources/app.asar/editor/builtin/scene/panel/messages/scene.js:1:1487)
    at Object.e._dispatch (/Users/guoyouchao/Desktop/work/Cocos官方版本/CocosCreator.app/Contents/Resources/app.asar/editor-framework/lib/renderer/panel.js:1:1941)
    at EventEmitter.o.on.s (/Users/guoyouchao/Desktop/work/Cocos官方版本/CocosCreator.app/Contents/Resources/app.asar/editor-framework/lib/renderer/ipc.js:1:2917)
    at emitMany (events.js:127:13)
    at EventEmitter.emit (events.js:204:7)
2018-10-04T11:08:41.147Z - error: Simulator: ERROR: TypeError: null is not an object (evaluating 'node._components.length'), location: src/cocos2d-jsb.js:21926:45
STACK:
_activateNodeRecursively@src/cocos2d-jsb.js:21926:45
activateNode@src/cocos2d-jsb.js:21975:42
_activate@src/cocos2d-jsb.js:8930:50
runSceneImmediate@src/cocos2d-jsb.js:6890:26
main.js:53:54
src/cocos2d-jsb.js:24630:33
src/cocos2d-jsb.js:20083:38
src/cocos2d-jsb.js:29176:21
fireTimeout@jsb-adapter/jsb-builtin.js:2058:30
tick@jsb-adapter/jsb-builtin.js:2023:16
    at HTMLElement.print-simulator-log (/Users/guoyouchao/Desktop/work/Cocos官方版本/CocosCreator.app/Contents/Resources/app.asar/editor/builtin/scene/panel/messages/scene.js:1:1487)
    at Object.e._dispatch (/Users/guoyouchao/Desktop/work/Cocos官方版本/CocosCreator.app/Contents/Resources/app.asar/editor-framework/lib/renderer/panel.js:1:1941)
    at EventEmitter.o.on.s (/Users/guoyouchao/Desktop/work/Cocos官方版本/CocosCreator.app/Contents/Resources/app.asar/editor-framework/lib/renderer/ipc.js:1:2917)
    at emitMany (events.js:127:13)
    at EventEmitter.emit (events.js:204:7)
2018-10-04T11:08:41.162Z - error: Simulator: ERROR: TypeError: null is not an object (evaluating 'node._components.length'), location: src/cocos2d-jsb.js:21926:45
STACK:
_activateNodeRecursively@src/cocos2d-jsb.js:21926:45
activateNode@src/cocos2d-jsb.js:21975:42
_activate@src/cocos2d-jsb.js:8930:50
runSceneImmediate@src/cocos2d-jsb.js:6890:26
main.js:53:54
src/cocos2d-jsb.js:24630:33
src/cocos2d-jsb.js:20083:38
src/cocos2d-jsb.js:29176:21
fireTimeout@jsb-adapter/jsb-builtin.js:2058:30
tick@jsb-adapter/jsb-builtin.js:2023:16
    at HTMLElement.print-simulator-log (/Users/guoyouchao/Desktop/work/Cocos官方版本/CocosCreator.app/Contents/Resources/app.asar/editor/builtin/scene/panel/messages/scene.js:1:1487)
    at Object.e._dispatch (/Users/guoyouchao/Desktop/work/Cocos官方版本/CocosCreator.app/Contents/Resources/app.asar/editor-framework/lib/renderer/panel.js:1:1941)
    at EventEmitter.o.on.s (/Users/guoyouchao/Desktop/work/Cocos官方版本/CocosCreator.app/Contents/Resources/app.asar/editor-framework/lib/renderer/ipc.js:1:2917)
    at emitMany (events.js:127:13)
    at EventEmitter.emit (events.js:204:7)
2018-10-04T11:08:41.180Z - error: Simulator: ERROR: TypeError: null is not an object (evaluating 'node._components.length'), location: src/cocos2d-jsb.js:21926:45
STACK:
_activateNodeRecursively@src/cocos2d-jsb.js:21926:45
activateNode@src/cocos2d-jsb.js:21975:42
_activate@src/cocos2d-jsb.js:8930:50
runSceneImmediate@src/cocos2d-jsb.js:6890:26
main.js:53:54
src/cocos2d-jsb.js:24630:33
src/cocos2d-jsb.js:20083:38
src/cocos2d-jsb.js:29176:21
fireTimeout@jsb-adapter/jsb-builtin.js:2058:30
tick@jsb-adapter/jsb-builtin.js:2023:16
    at HTMLElement.print-simulator-log (/Users/guoyouchao/Desktop/work/Cocos官方版本/CocosCreator.app/Contents/Resources/app.asar/editor/builtin/scene/panel/messages/scene.js:1:1487)
    at Object.e._dispatch (/Users/guoyouchao/Desktop/work/Cocos官方版本/CocosCreator.app/Contents/Resources/app.asar/editor-framework/lib/renderer/panel.js:1:1941)
    at EventEmitter.o.on.s (/Users/guoyouchao/Desktop/work/Cocos官方版本/CocosCreator.app/Contents/Resources/app.asar/editor-framework/lib/renderer/ipc.js:1:2917)
    at emitMany (events.js:127:13)
    at EventEmitter.emit (events.js:204:7)
2018-10-04T11:08:41.192Z - error: Simulator: ERROR: TypeError: null is not an object (evaluating 'node._components.length'), location: src/cocos2d-jsb.js:21926:45
STACK:
_activateNodeRecursively@src/cocos2d-jsb.js:21926:45
activateNode@src/cocos2d-jsb.js:21975:42
_activate@src/cocos2d-jsb.js:8930:50
runSceneImmediate@src/cocos2d-jsb.js:6890:26
main.js:53:54
src/cocos2d-jsb.js:24630:33
src/cocos2d-jsb.js:20083:38
src/cocos2d-jsb.js:29176:21
fireTimeout@jsb-adapter/jsb-builtin.js:2058:30
tick@jsb-adapter/jsb-builtin.js:2023:16
    at HTMLElement.print-simulator-log (/Users/guoyouchao/Desktop/work/Cocos官方版本/CocosCreator.app/Contents/Resources/app.asar/editor/builtin/scene/panel/messages/scene.js:1:1487)
    at Object.e._dispatch (/Users/guoyouchao/Desktop/work/Cocos官方版本/CocosCreator.app/Contents/Resources/app.asar/editor-framework/lib/renderer/panel.js:1:1941)
    at EventEmitter.o.on.s (/Users/guoyouchao/Desktop/work/Cocos官方版本/CocosCreator.app/Contents/Resources/app.asar/editor-framework/lib/renderer/ipc.js:1:2917)
    at emitMany (events.js:127:13)
    at EventEmitter.emit (events.js:204:7)
2018-10-04T11:08:41.207Z - error: Simulator: ERROR: TypeError: null is not an object (evaluating 'node._components.length'), location: src/cocos2d-jsb.js:21926:45
STACK:
_activateNodeRecursively@src/cocos2d-jsb.js:21926:45
activateNode@src/cocos2d-jsb.js:21975:42
_activate@src/cocos2d-jsb.js:8930:50
runSceneImmediate@src/cocos2d-jsb.js:6890:26
main.js:53:54
src/cocos2d-jsb.js:24630:33
src/cocos2d-jsb.js:20083:38
src/cocos2d-jsb.js:29176:21
fireTimeout@jsb-adapter/jsb-builtin.js:2058:30
tick@jsb-adapter/jsb-builtin.js:2023:16
    at HTMLElement.print-simulator-log (/Users/guoyouchao/Desktop/work/Cocos官方版本/CocosCreator.app/Contents/Resources/app.asar/editor/builtin/scene/panel/messages/scene.js:1:1487)
    at Object.e._dispatch (/Users/guoyouchao/Desktop/work/Cocos官方版本/CocosCreator.app/Contents/Resources/app.asar/editor-framework/lib/renderer/panel.js:1:1941)
    at EventEmitter.o.on.s (/Users/guoyouchao/Desktop/work/Cocos官方版本/CocosCreator.app/Contents/Resources/app.asar/editor-framework/lib/renderer/ipc.js:1:2917)
    at emitMany (events.js:127:13)
    at EventEmitter.emit (events.js:204:7)
2018-10-04T11:08:41.224Z - error: Simulator: ERROR: TypeError: null is not an object (evaluating 'node._components.length'), location: src/cocos2d-jsb.js:21926:45
STACK:
_activateNodeRecursively@src/cocos2d-jsb.js:21926:45
activateNode@src/cocos2d-jsb.js:21975:42
_activate@src/cocos2d-jsb.js:8930:50
runSceneImmediate@src/cocos2d-jsb.js:6890:26
main.js:53:54
src/cocos2d-jsb.js:24630:33
src/cocos2d-jsb.js:20083:38
src/cocos2d-jsb.js:29176:21
fireTimeout@jsb-adapter/jsb-builtin.js:2058:30
tick@jsb-adapter/jsb-builtin.js:2023:16
    at HTMLElement.print-simulator-log (/Users/guoyouchao/Desktop/work/Cocos官方版本/CocosCreator.app/Contents/Resources/app.asar/editor/builtin/scene/panel/messages/scene.js:1:1487)
    at Object.e._dispatch (/Users/guoyouchao/Desktop/work/Cocos官方版本/CocosCreator.app/Contents/Resources/app.asar/editor-framework/lib/renderer/panel.js:1:1941)
    at EventEmitter.o.on.s (/Users/guoyouchao/Desktop/work/Cocos官方版本/CocosCreator.app/Contents/Resources/app.asar/editor-framework/lib/renderer/ipc.js:1:2917)
    at emitMany (events.js:127:13)
    at EventEmitter.emit (events.js:204:7)
2018-10-04T11:08:41.247Z - error: Simulator: ERROR: TypeError: null is not an object (evaluating 'node._components.length'), location: src/cocos2d-jsb.js:21926:45
STACK:
_activateNodeRecursively@src/cocos2d-jsb.js:21926:45
activateNode@src/cocos2d-jsb.js:21975:42
_activate@src/cocos2d-jsb.js:8930:50
runSceneImmediate@src/cocos2d-jsb.js:6890:26
main.js:53:54
src/cocos2d-jsb.js:24630:33
src/cocos2d-jsb.js:20083:38
src/cocos2d-jsb.js:29176:21
fireTimeout@jsb-adapter/jsb-builtin.js:2058:30
tick@jsb-adapter/jsb-builtin.js:2023:16
    at HTMLElement.print-simulator-log (/Users/guoyouchao/Desktop/work/Cocos官方版本/CocosCreator.app/Contents/Resources/app.asar/editor/builtin/scene/panel/messages/scene.js:1:1487)
    at Object.e._dispatch (/Users/guoyouchao/Desktop/work/Cocos官方版本/CocosCreator.app/Contents/Resources/app.asar/editor-framework/lib/renderer/panel.js:1:1941)
    at EventEmitter.o.on.s (/Users/guoyouchao/Desktop/work/Cocos官方版本/CocosCreator.app/Contents/Resources/app.asar/editor-framework/lib/renderer/ipc.js:1:2917)
    at emitMany (events.js:127:13)
    at EventEmitter.emit (events.js:204:7)
2018-10-04T11:08:41.258Z - error: Simulator: ERROR: TypeError: null is not an object (evaluating 'node._components.length'), location: src/cocos2d-jsb.js:21926:45
STACK:
_activateNodeRecursively@src/cocos2d-jsb.js:21926:45
activateNode@src/cocos2d-jsb.js:21975:42
_activate@src/cocos2d-jsb.js:8930:50
runSceneImmediate@src/cocos2d-jsb.js:6890:26
main.js:53:54
src/cocos2d-jsb.js:24630:33
src/cocos2d-jsb.js:20083:38
src/cocos2d-jsb.js:29176:21
fireTimeout@jsb-adapter/jsb-builtin.js:2058:30
tick@jsb-adapter/jsb-builtin.js:2023:16
    at HTMLElement.print-simulator-log (/Users/guoyouchao/Desktop/work/Cocos官方版本/CocosCreator.app/Contents/Resources/app.asar/editor/builtin/scene/panel/messages/scene.js:1:1487)
    at Object.e._dispatch (/Users/guoyouchao/Desktop/work/Cocos官方版本/CocosCreator.app/Contents/Resources/app.asar/editor-framework/lib/renderer/panel.js:1:1941)
    at EventEmitter.o.on.s (/Users/guoyouchao/Desktop/work/Cocos官方版本/CocosCreator.app/Contents/Resources/app.asar/editor-framework/lib/renderer/ipc.js:1:2917)
    at emitMany (events.js:127:13)
    at EventEmitter.emit (events.js:204:7)
2018-10-04T11:08:41.275Z - error: Simulator: ERROR: TypeError: null is not an object (evaluating 'node._components.length'), location: src/cocos2d-jsb.js:21926:45
STACK:
_activateNodeRecursively@src/cocos2d-jsb.js:21926:45
activateNode@src/cocos2d-jsb.js:21975:42
_activate@src/cocos2d-jsb.js:8930:50
runSceneImmediate@src/cocos2d-jsb.js:6890:26
main.js:53:54
src/cocos2d-jsb.js:24630:33
src/cocos2d-jsb.js:20083:38
src/cocos2d-jsb.js:29176:21
fireTimeout@jsb-adapter/jsb-builtin.js:2058:30
tick@jsb-adapter/jsb-builtin.js:2023:16
    at HTMLElement.print-simulator-log (/Users/guoyouchao/Desktop/work/Cocos官方版本/CocosCreator.app/Contents/Resources/app.asar/editor/builtin/scene/panel/messages/scene.js:1:1487)
    at Object.e._dispatch (/Users/guoyouchao/Desktop/work/Cocos官方版本/CocosCreator.app/Contents/Resources/app.asar/editor-framework/lib/renderer/panel.js:1:1941)
    at EventEmitter.o.on.s (/Users/guoyouchao/Desktop/work/Cocos官方版本/CocosCreator.app/Contents/Resources/app.asar/editor-framework/lib/renderer/ipc.js:1:2917)
    at emitMany (events.js:127:13)
    at EventEmitter.emit (events.js:204:7)
2018-10-04T11:08:41.292Z - error: Simulator: ERROR: TypeError: null is not an object (evaluating 'node._components.length'), location: src/cocos2d-jsb.js:21926:45
STACK:
_activateNodeRecursively@src/cocos2d-jsb.js:21926:45
activateNode@src/cocos2d-jsb.js:21975:42
_activate@src/cocos2d-jsb.js:8930:50
runSceneImmediate@src/cocos2d-jsb.js:6890:26
main.js:53:54
src/cocos2d-jsb.js:24630:33
src/cocos2d-jsb.js:20083:38
src/cocos2d-jsb.js:29176:21
fireTimeout@jsb-adapter/jsb-builtin.js:2058:30
tick@jsb-adapter/jsb-builtin.js:2023:16
    at HTMLElement.print-simulator-log (/Users/guoyouchao/Desktop/work/Cocos官方版本/CocosCreator.app/Contents/Resources/app.asar/editor/builtin/scene/panel/messages/scene.js:1:1487)
    at Object.e._dispatch (/Users/guoyouchao/Desktop/work/Cocos官方版本/CocosCreator.app/Contents/Resources/app.asar/editor-framework/lib/renderer/panel.js:1:1941)
    at EventEmitter.o.on.s (/Users/guoyouchao/Desktop/work/Cocos官方版本/CocosCreator.app/Contents/Resources/app.asar/editor-framework/lib/renderer/ipc.js:1:2917)
    at emitMany (events.js:127:13)
    at EventEmitter.emit (events.js:204:7)
2018-10-04T11:08:41.307Z - error: Simulator: ERROR: TypeError: null is not an object (evaluating 'node._components.length'), location: src/cocos2d-jsb.js:21926:45
STACK:
_activateNodeRecursively@src/cocos2d-jsb.js:21926:45
activateNode@src/cocos2d-jsb.js:21975:42
_activate@src/cocos2d-jsb.js:8930:50
runSceneImmediate@src/cocos2d-jsb.js:6890:26
main.js:53:54
src/cocos2d-jsb.js:24630:33
src/cocos2d-jsb.js:20083:38
src/cocos2d-jsb.js:29176:21
fireTimeout@jsb-adapter/jsb-builtin.js:2058:30
tick@jsb-adapter/jsb-builtin.js:2023:16
    at HTMLElement.print-simulator-log (/Users/guoyouchao/Desktop/work/Cocos官方版本/CocosCreator.app/Contents/Resources/app.asar/editor/builtin/scene/panel/messages/scene.js:1:1487)
    at Object.e._dispatch (/Users/guoyouchao/Desktop/work/Cocos官方版本/CocosCreator.app/Contents/Resources/app.asar/editor-framework/lib/renderer/panel.js:1:1941)
    at EventEmitter.o.on.s (/Users/guoyouchao/Desktop/work/Cocos官方版本/CocosCreator.app/Contents/Resources/app.asar/editor-framework/lib/renderer/ipc.js:1:2917)
    at emitMany (events.js:127:13)
    at EventEmitter.emit (events.js:204:7)
2018-10-04T11:08:41.323Z - error: Simulator: ERROR: TypeError: null is not an object (evaluating 'node._components.length'), location: src/cocos2d-jsb.js:21926:45
STACK:
_activateNodeRecursively@src/cocos2d-jsb.js:21926:45
activateNode@src/cocos2d-jsb.js:21975:42
_activate@src/cocos2d-jsb.js:8930:50
runSceneImmediate@src/cocos2d-jsb.js:6890:26
main.js:53:54
src/cocos2d-jsb.js:24630:33
src/cocos2d-jsb.js:20083:38
src/cocos2d-jsb.js:29176:21
fireTimeout@jsb-adapter/jsb-builtin.js:2058:30
tick@jsb-adapter/jsb-builtin.js:2023:16
    at HTMLElement.print-simulator-log (/Users/guoyouchao/Desktop/work/Cocos官方版本/CocosCreator.app/Contents/Resources/app.asar/editor/builtin/scene/panel/messages/scene.js:1:1487)
    at Object.e._dispatch (/Users/guoyouchao/Desktop/work/Cocos官方版本/CocosCreator.app/Contents/Resources/app.asar/editor-framework/lib/renderer/panel.js:1:1941)
    at EventEmitter.o.on.s (/Users/guoyouchao/Desktop/work/Cocos官方版本/CocosCreator.app/Contents/Resources/app.asar/editor-framework/lib/renderer/ipc.js:1:2917)
    at emitMany (events.js:127:13)
    at EventEmitter.emit (events.js:204:7)
2018-10-04T11:08:41.341Z - error: Simulator: ERROR: TypeError: null is not an object (evaluating 'node._components.length'), location: src/cocos2d-jsb.js:21926:45
STACK:
_activateNodeRecursively@src/cocos2d-jsb.js:21926:45
activateNode@src/cocos2d-jsb.js:21975:42
_activate@src/cocos2d-jsb.js:8930:50
runSceneImmediate@src/cocos2d-jsb.js:6890:26
main.js:53:54
src/cocos2d-jsb.js:24630:33
src/cocos2d-jsb.js:20083:38
src/cocos2d-jsb.js:29176:21
fireTimeout@jsb-adapter/jsb-builtin.js:2058:30
tick@jsb-adapter/jsb-builtin.js:2023:16
    at HTMLElement.print-simulator-log (/Users/guoyouchao/Desktop/work/Cocos官方版本/CocosCreator.app/Contents/Resources/app.asar/editor/builtin/scene/panel/messages/scene.js:1:1487)
    at Object.e._dispatch (/Users/guoyouchao/Desktop/work/Cocos官方版本/CocosCreator.app/Contents/Resources/app.asar/editor-framework/lib/renderer/panel.js:1:1941)
    at EventEmitter.o.on.s (/Users/guoyouchao/Desktop/work/Cocos官方版本/CocosCreator.app/Contents/Resources/app.asar/editor-framework/lib/renderer/ipc.js:1:2917)
    at emitMany (events.js:127:13)
    at EventEmitter.emit (events.js:204:7)
2018-10-04T11:08:41.356Z - error: Simulator: ERROR: TypeError: null is not an object (evaluating 'node._components.length'), location: src/cocos2d-jsb.js:21926:45
STACK:
_activateNodeRecursively@src/cocos2d-jsb.js:21926:45
activateNode@src/cocos2d-jsb.js:21975:42
_activate@src/cocos2d-jsb.js:8930:50
runSceneImmediate@src/cocos2d-jsb.js:6890:26
main.js:53:54
src/cocos2d-jsb.js:24630:33
src/cocos2d-jsb.js:20083:38
src/cocos2d-jsb.js:29176:21
fireTimeout@jsb-adapter/jsb-builtin.js:2058:30
tick@jsb-adapter/jsb-builtin.js:2023:16
    at HTMLElement.print-simulator-log (/Users/guoyouchao/Desktop/work/Cocos官方版本/CocosCreator.app/Contents/Resources/app.asar/editor/builtin/scene/panel/messages/scene.js:1:1487)
    at Object.e._dispatch (/Users/guoyouchao/Desktop/work/Cocos官方版本/CocosCreator.app/Contents/Resources/app.asar/editor-framework/lib/renderer/panel.js:1:1941)
    at EventEmitter.o.on.s (/Users/guoyouchao/Desktop/work/Cocos官方版本/CocosCreator.app/Contents/Resources/app.asar/editor-framework/lib/renderer/ipc.js:1:2917)
    at emitMany (events.js:127:13)
    at EventEmitter.emit (events.js:204:7)
2018-10-04T11:08:41.374Z - error: Simulator: ERROR: TypeError: null is not an object (evaluating 'node._components.length'), location: src/cocos2d-jsb.js:21926:45
STACK:
_activateNodeRecursively@src/cocos2d-jsb.js:21926:45
activateNode@src/cocos2d-jsb.js:21975:42
_activate@src/cocos2d-jsb.js:8930:50
runSceneImmediate@src/cocos2d-jsb.js:6890:26
main.js:53:54
src/cocos2d-jsb.js:24630:33
src/cocos2d-jsb.js:20083:38
src/cocos2d-jsb.js:29176:21
fireTimeout@jsb-adapter/jsb-builtin.js:2058:30
tick@jsb-adapter/jsb-builtin.js:2023:16
    at HTMLElement.print-simulator-log (/Users/guoyouchao/Desktop/work/Cocos官方版本/CocosCreator.app/Contents/Resources/app.asar/editor/builtin/scene/panel/messages/scene.js:1:1487)
    at Object.e._dispatch (/Users/guoyouchao/Desktop/work/Cocos官方版本/CocosCreator.app/Contents/Resources/app.asar/editor-framework/lib/renderer/panel.js:1:1941)
    at EventEmitter.o.on.s (/Users/guoyouchao/Desktop/work/Cocos官方版本/CocosCreator.app/Contents/Resources/app.asar/editor-framework/lib/renderer/ipc.js:1:2917)
    at emitMany (events.js:127:13)
    at EventEmitter.emit (events.js:204:7)
2018-10-04T11:08:41.392Z - error: Simulator: ERROR: TypeError: null is not an object (evaluating 'node._components.length'), location: src/cocos2d-jsb.js:21926:45
STACK:
_activateNodeRecursively@src/cocos2d-jsb.js:21926:45
activateNode@src/cocos2d-jsb.js:21975:42
_activate@src/cocos2d-jsb.js:8930:50
runSceneImmediate@src/cocos2d-jsb.js:6890:26
main.js:53:54
src/cocos2d-jsb.js:24630:33
src/cocos2d-jsb.js:20083:38
src/cocos2d-jsb.js:29176:21
fireTimeout@jsb-adapter/jsb-builtin.js:2058:30
tick@jsb-adapter/jsb-builtin.js:2023:16
    at HTMLElement.print-simulator-log (/Users/guoyouchao/Desktop/work/Cocos官方版本/CocosCreator.app/Contents/Resources/app.asar/editor/builtin/scene/panel/messages/scene.js:1:1487)
    at Object.e._dispatch (/Users/guoyouchao/Desktop/work/Cocos官方版本/CocosCreator.app/Contents/Resources/app.asar/editor-framework/lib/renderer/panel.js:1:1941)
    at EventEmitter.o.on.s (/Users/guoyouchao/Desktop/work/Cocos官方版本/CocosCreator.app/Contents/Resources/app.asar/editor-framework/lib/renderer/ipc.js:1:2917)
    at emitMany (events.js:127:13)
    at EventEmitter.emit (events.js:204:7)
2018-10-04T11:08:41.408Z - error: Simulator: ERROR: TypeError: null is not an object (evaluating 'node._components.length'), location: src/cocos2d-jsb.js:21926:45
STACK:
_activateNodeRecursively@src/cocos2d-jsb.js:21926:45
activateNode@src/cocos2d-jsb.js:21975:42
_activate@src/cocos2d-jsb.js:8930:50
runSceneImmediate@src/cocos2d-jsb.js:6890:26
main.js:53:54
src/cocos2d-jsb.js:24630:33
src/cocos2d-jsb.js:20083:38
src/cocos2d-jsb.js:29176:21
fireTimeout@jsb-adapter/jsb-builtin.js:2058:30
tick@jsb-adapter/jsb-builtin.js:2023:16
    at HTMLElement.print-simulator-log (/Users/guoyouchao/Desktop/work/Cocos官方版本/CocosCreator.app/Contents/Resources/app.asar/editor/builtin/scene/panel/messages/scene.js:1:1487)
    at Object.e._dispatch (/Users/guoyouchao/Desktop/work/Cocos官方版本/CocosCreator.app/Contents/Resources/app.asar/editor-framework/lib/renderer/panel.js:1:1941)
    at EventEmitter.o.on.s (/Users/guoyouchao/Desktop/work/Cocos官方版本/CocosCreator.app/Contents/Resources/app.asar/editor-framework/lib/renderer/ipc.js:1:2917)
    at emitMany (events.js:127:13)
    at EventEmitter.emit (events.js:204:7)
2018-10-04T11:08:41.427Z - error: Simulator: ERROR: TypeError: null is not an object (evaluating 'node._components.length'), location: src/cocos2d-jsb.js:21926:45
STACK:
_activateNodeRecursively@src/cocos2d-jsb.js:21926:45
activateNode@src/cocos2d-jsb.js:21975:42
_activate@src/cocos2d-jsb.js:8930:50
runSceneImmediate@src/cocos2d-jsb.js:6890:26
main.js:53:54
src/cocos2d-jsb.js:24630:33
src/cocos2d-jsb.js:20083:38
src/cocos2d-jsb.js:29176:21
fireTimeout@jsb-adapter/jsb-builtin.js:2058:30
tick@jsb-adapter/jsb-builtin.js:2023:16
    at HTMLElement.print-simulator-log (/Users/guoyouchao/Desktop/work/Cocos官方版本/CocosCreator.app/Contents/Resources/app.asar/editor/builtin/scene/panel/messages/scene.js:1:1487)
    at Object.e._dispatch (/Users/guoyouchao/Desktop/work/Cocos官方版本/CocosCreator.app/Contents/Resources/app.asar/editor-framework/lib/renderer/panel.js:1:1941)
    at EventEmitter.o.on.s (/Users/guoyouchao/Desktop/work/Cocos官方版本/CocosCreator.app/Contents/Resources/app.asar/editor-framework/lib/renderer/ipc.js:1:2917)
    at emitMany (events.js:127:13)
    at EventEmitter.emit (events.js:204:7)
2018-10-04T11:08:41.442Z - error: Simulator: ERROR: TypeError: null is not an object (evaluating 'node._components.length'), location: src/cocos2d-jsb.js:21926:45
STACK:
_activateNodeRecursively@src/cocos2d-jsb.js:21926:45
activateNode@src/cocos2d-jsb.js:21975:42
_activate@src/cocos2d-jsb.js:8930:50
runSceneImmediate@src/cocos2d-jsb.js:6890:26
main.js:53:54
src/cocos2d-jsb.js:24630:33
src/cocos2d-jsb.js:20083:38
src/cocos2d-jsb.js:29176:21
fireTimeout@jsb-adapter/jsb-builtin.js:2058:30
tick@jsb-adapter/jsb-builtin.js:2023:16
    at HTMLElement.print-simulator-log (/Users/guoyouchao/Desktop/work/Cocos官方版本/CocosCreator.app/Contents/Resources/app.asar/editor/builtin/scene/panel/messages/scene.js:1:1487)
    at Object.e._dispatch (/Users/guoyouchao/Desktop/work/Cocos官方版本/CocosCreator.app/Contents/Resources/app.asar/editor-framework/lib/renderer/panel.js:1:1941)
    at EventEmitter.o.on.s (/Users/guoyouchao/Desktop/work/Cocos官方版本/CocosCreator.app/Contents/Resources/app.asar/editor-framework/lib/renderer/ipc.js:1:2917)
    at emitMany (events.js:127:13)
    at EventEmitter.emit (events.js:204:7)
2018-10-04T11:08:41.458Z - error: Simulator: ERROR: TypeError: null is not an object (evaluating 'node._components.length'), location: src/cocos2d-jsb.js:21926:45
STACK:
_activateNodeRecursively@src/cocos2d-jsb.js:21926:45
activateNode@src/cocos2d-jsb.js:21975:42
_activate@src/cocos2d-jsb.js:8930:50
runSceneImmediate@src/cocos2d-jsb.js:6890:26
main.js:53:54
src/cocos2d-jsb.js:24630:33
src/cocos2d-jsb.js:20083:38
src/cocos2d-jsb.js:29176:21
fireTimeout@jsb-adapter/jsb-builtin.js:2058:30
tick@jsb-adapter/jsb-builtin.js:2023:16
    at HTMLElement.print-simulator-log (/Users/guoyouchao/Desktop/work/Cocos官方版本/CocosCreator.app/Contents/Resources/app.asar/editor/builtin/scene/panel/messages/scene.js:1:1487)
    at Object.e._dispatch (/Users/guoyouchao/Desktop/work/Cocos官方版本/CocosCreator.app/Contents/Resources/app.asar/editor-framework/lib/renderer/panel.js:1:1941)
    at EventEmitter.o.on.s (/Users/guoyouchao/Desktop/work/Cocos官方版本/CocosCreator.app/Contents/Resources/app.asar/editor-framework/lib/renderer/ipc.js:1:2917)
    at emitMany (events.js:127:13)
    at EventEmitter.emit (events.js:204:7)
2018-10-04T11:08:41.473Z - error: Simulator: ERROR: TypeError: null is not an object (evaluating 'node._components.length'), location: src/cocos2d-jsb.js:21926:45
STACK:
_activateNodeRecursively@src/cocos2d-jsb.js:21926:45
activateNode@src/cocos2d-jsb.js:21975:42
_activate@src/cocos2d-jsb.js:8930:50
runSceneImmediate@src/cocos2d-jsb.js:6890:26
main.js:53:54
src/cocos2d-jsb.js:24630:33
src/cocos2d-jsb.js:20083:38
src/cocos2d-jsb.js:29176:21
fireTimeout@jsb-adapter/jsb-builtin.js:2058:30
tick@jsb-adapter/jsb-builtin.js:2023:16
    at HTMLElement.print-simulator-log (/Users/guoyouchao/Desktop/work/Cocos官方版本/CocosCreator.app/Contents/Resources/app.asar/editor/builtin/scene/panel/messages/scene.js:1:1487)
    at Object.e._dispatch (/Users/guoyouchao/Desktop/work/Cocos官方版本/CocosCreator.app/Contents/Resources/app.asar/editor-framework/lib/renderer/panel.js:1:1941)
    at EventEmitter.o.on.s (/Users/guoyouchao/Desktop/work/Cocos官方版本/CocosCreator.app/Contents/Resources/app.asar/editor-framework/lib/renderer/ipc.js:1:2917)
    at emitMany (events.js:127:13)
    at EventEmitter.emit (events.js:204:7)
2018-10-04T11:08:41.489Z - error: Simulator: ERROR: TypeError: null is not an object (evaluating 'node._components.length'), location: src/cocos2d-jsb.js:21926:45
STACK:
_activateNodeRecursively@src/cocos2d-jsb.js:21926:45
activateNode@src/cocos2d-jsb.js:21975:42
_activate@src/cocos2d-jsb.js:8930:50
runSceneImmediate@src/cocos2d-jsb.js:6890:26
main.js:53:54
src/cocos2d-jsb.js:24630:33
src/cocos2d-jsb.js:20083:38
src/cocos2d-jsb.js:29176:21
fireTimeout@jsb-adapter/jsb-builtin.js:2058:30
tick@jsb-adapter/jsb-builtin.js:2023:16
    at HTMLElement.print-simulator-log (/Users/guoyouchao/Desktop/work/Cocos官方版本/CocosCreator.app/Contents/Resources/app.asar/editor/builtin/scene/panel/messages/scene.js:1:1487)
    at Object.e._dispatch (/Users/guoyouchao/Desktop/work/Cocos官方版本/CocosCreator.app/Contents/Resources/app.asar/editor-framework/lib/renderer/panel.js:1:1941)
    at EventEmitter.o.on.s (/Users/guoyouchao/Desktop/work/Cocos官方版本/CocosCreator.app/Contents/Resources/app.asar/editor-framework/lib/renderer/ipc.js:1:2917)
    at emitMany (events.js:127:13)
    at EventEmitter.emit (events.js:204:7)
2018-10-04T11:08:41.508Z - error: Simulator: ERROR: TypeError: null is not an object (evaluating 'node._components.length'), location: src/cocos2d-jsb.js:21926:45
STACK:
_activateNodeRecursively@src/cocos2d-jsb.js:21926:45
activateNode@src/cocos2d-jsb.js:21975:42
_activate@src/cocos2d-jsb.js:8930:50
runSceneImmediate@src/cocos2d-jsb.js:6890:26
main.js:53:54
src/cocos2d-jsb.js:24630:33
src/cocos2d-jsb.js:20083:38
src/cocos2d-jsb.js:29176:21
fireTimeout@jsb-adapter/jsb-builtin.js:2058:30
tick@jsb-adapter/jsb-builtin.js:2023:16
    at HTMLElement.print-simulator-log (/Users/guoyouchao/Desktop/work/Cocos官方版本/CocosCreator.app/Contents/Resources/app.asar/editor/builtin/scene/panel/messages/scene.js:1:1487)
    at Object.e._dispatch (/Users/guoyouchao/Desktop/work/Cocos官方版本/CocosCreator.app/Contents/Resources/app.asar/editor-framework/lib/renderer/panel.js:1:1941)
    at EventEmitter.o.on.s (/Users/guoyouchao/Desktop/work/Cocos官方版本/CocosCreator.app/Contents/Resources/app.asar/editor-framework/lib/renderer/ipc.js:1:2917)
    at emitMany (events.js:127:13)
    at EventEmitter.emit (events.js:204:7)
2018-10-04T11:08:41.521Z - error: Simulator: ERROR: TypeError: null is not an object (evaluating 'node._components.length'), location: src/cocos2d-jsb.js:21926:45
STACK:
_activateNodeRecursively@src/cocos2d-jsb.js:21926:45
activateNode@src/cocos2d-jsb.js:21975:42
_activate@src/cocos2d-jsb.js:8930:50
runSceneImmediate@src/cocos2d-jsb.js:6890:26
main.js:53:54
src/cocos2d-jsb.js:24630:33
src/cocos2d-jsb.js:20083:38
src/cocos2d-jsb.js:29176:21
fireTimeout@jsb-adapter/jsb-builtin.js:2058:30
tick@jsb-adapter/jsb-builtin.js:2023:16
    at HTMLElement.print-simulator-log (/Users/guoyouchao/Desktop/work/Cocos官方版本/CocosCreator.app/Contents/Resources/app.asar/editor/builtin/scene/panel/messages/scene.js:1:1487)
    at Object.e._dispatch (/Users/guoyouchao/Desktop/work/Cocos官方版本/CocosCreator.app/Contents/Resources/app.asar/editor-framework/lib/renderer/panel.js:1:1941)
    at EventEmitter.o.on.s (/Users/guoyouchao/Desktop/work/Cocos官方版本/CocosCreator.app/Contents/Resources/app.asar/editor-framework/lib/renderer/ipc.js:1:2917)
    at emitMany (events.js:127:13)
    at EventEmitter.emit (events.js:204:7)
2018-10-04T11:08:41.548Z - error: Simulator: ERROR: TypeError: null is not an object (evaluating 'node._components.length'), location: src/cocos2d-jsb.js:21926:45
STACK:
_activateNodeRecursively@src/cocos2d-jsb.js:21926:45
activateNode@src/cocos2d-jsb.js:21975:42
_activate@src/cocos2d-jsb.js:8930:50
runSceneImmediate@src/cocos2d-jsb.js:6890:26
main.js:53:54
src/cocos2d-jsb.js:24630:33
src/cocos2d-jsb.js:20083:38
src/cocos2d-jsb.js:29176:21
fireTimeout@jsb-adapter/jsb-builtin.js:2058:30
tick@jsb-adapter/jsb-builtin.js:2023:16
    at HTMLElement.print-simulator-log (/Users/guoyouchao/Desktop/work/Cocos官方版本/CocosCreator.app/Contents/Resources/app.asar/editor/builtin/scene/panel/messages/scene.js:1:1487)
    at Object.e._dispatch (/Users/guoyouchao/Desktop/work/Cocos官方版本/CocosCreator.app/Contents/Resources/app.asar/editor-framework/lib/renderer/panel.js:1:1941)
    at EventEmitter.o.on.s (/Users/guoyouchao/Desktop/work/Cocos官方版本/CocosCreator.app/Contents/Resources/app.asar/editor-framework/lib/renderer/ipc.js:1:2917)
    at emitMany (events.js:127:13)
    at EventEmitter.emit (events.js:204:7)
2018-10-04T11:08:41.555Z - error: Simulator: ERROR: TypeError: null is not an object (evaluating 'node._components.length'), location: src/cocos2d-jsb.js:21926:45
STACK:
_activateNodeRecursively@src/cocos2d-jsb.js:21926:45
activateNode@src/cocos2d-jsb.js:21975:42
_activate@src/cocos2d-jsb.js:8930:50
runSceneImmediate@src/cocos2d-jsb.js:6890:26
main.js:53:54
src/cocos2d-jsb.js:24630:33
src/cocos2d-jsb.js:20083:38
src/cocos2d-jsb.js:29176:21
fireTimeout@jsb-adapter/jsb-builtin.js:2058:30
tick@jsb-adapter/jsb-builtin.js:2023:16
    at HTMLElement.print-simulator-log (/Users/guoyouchao/Desktop/work/Cocos官方版本/CocosCreator.app/Contents/Resources/app.asar/editor/builtin/scene/panel/messages/scene.js:1:1487)
    at Object.e._dispatch (/Users/guoyouchao/Desktop/work/Cocos官方版本/CocosCreator.app/Contents/Resources/app.asar/editor-framework/lib/renderer/panel.js:1:1941)
    at EventEmitter.o.on.s (/Users/guoyouchao/Desktop/work/Cocos官方版本/CocosCreator.app/Contents/Resources/app.asar/editor-framework/lib/renderer/ipc.js:1:2917)
    at emitMany (events.js:127:13)
    at EventEmitter.emit (events.js:204:7)
2018-10-04T11:08:41.574Z - error: Simulator: ERROR: TypeError: null is not an object (evaluating 'node._components.length'), location: src/cocos2d-jsb.js:21926:45
STACK:
_activateNodeRecursively@src/cocos2d-jsb.js:21926:45
activateNode@src/cocos2d-jsb.js:21975:42
_activate@src/cocos2d-jsb.js:8930:50
runSceneImmediate@src/cocos2d-jsb.js:6890:26
main.js:53:54
src/cocos2d-jsb.js:24630:33
src/cocos2d-jsb.js:20083:38
src/cocos2d-jsb.js:29176:21
fireTimeout@jsb-adapter/jsb-builtin.js:2058:30
tick@jsb-adapter/jsb-builtin.js:2023:16
    at HTMLElement.print-simulator-log (/Users/guoyouchao/Desktop/work/Cocos官方版本/CocosCreator.app/Contents/Resources/app.asar/editor/builtin/scene/panel/messages/scene.js:1:1487)
    at Object.e._dispatch (/Users/guoyouchao/Desktop/work/Cocos官方版本/CocosCreator.app/Contents/Resources/app.asar/editor-framework/lib/renderer/panel.js:1:1941)
    at EventEmitter.o.on.s (/Users/guoyouchao/Desktop/work/Cocos官方版本/CocosCreator.app/Contents/Resources/app.asar/editor-framework/lib/renderer/ipc.js:1:2917)
    at emitMany (events.js:127:13)
    at EventEmitter.emit (events.js:204:7)
2018-10-04T11:08:41.589Z - error: Simulator: ERROR: TypeError: null is not an object (evaluating 'node._components.length'), location: src/cocos2d-jsb.js:21926:45
STACK:
_activateNodeRecursively@src/cocos2d-jsb.js:21926:45
activateNode@src/cocos2d-jsb.js:21975:42
_activate@src/cocos2d-jsb.js:8930:50
runSceneImmediate@src/cocos2d-jsb.js:6890:26
main.js:53:54
src/cocos2d-jsb.js:24630:33
src/cocos2d-jsb.js:20083:38
src/cocos2d-jsb.js:29176:21
fireTimeout@jsb-adapter/jsb-builtin.js:2058:30
tick@jsb-adapter/jsb-builtin.js:2023:16
    at HTMLElement.print-simulator-log (/Users/guoyouchao/Desktop/work/Cocos官方版本/CocosCreator.app/Contents/Resources/app.asar/editor/builtin/scene/panel/messages/scene.js:1:1487)
    at Object.e._dispatch (/Users/guoyouchao/Desktop/work/Cocos官方版本/CocosCreator.app/Contents/Resources/app.asar/editor-framework/lib/renderer/panel.js:1:1941)
    at EventEmitter.o.on.s (/Users/guoyouchao/Desktop/work/Cocos官方版本/CocosCreator.app/Contents/Resources/app.asar/editor-framework/lib/renderer/ipc.js:1:2917)
    at emitMany (events.js:127:13)
    at EventEmitter.emit (events.js:204:7)
2018-10-04T11:08:41.606Z - error: Simulator: ERROR: TypeError: null is not an object (evaluating 'node._components.length'), location: src/cocos2d-jsb.js:21926:45
STACK:
_activateNodeRecursively@src/cocos2d-jsb.js:21926:45
activateNode@src/cocos2d-jsb.js:21975:42
_activate@src/cocos2d-jsb.js:8930:50
runSceneImmediate@src/cocos2d-jsb.js:6890:26
main.js:53:54
src/cocos2d-jsb.js:24630:33
src/cocos2d-jsb.js:20083:38
src/cocos2d-jsb.js:29176:21
fireTimeout@jsb-adapter/jsb-builtin.js:2058:30
tick@jsb-adapter/jsb-builtin.js:2023:16
    at HTMLElement.print-simulator-log (/Users/guoyouchao/Desktop/work/Cocos官方版本/CocosCreator.app/Contents/Resources/app.asar/editor/builtin/scene/panel/messages/scene.js:1:1487)
    at Object.e._dispatch (/Users/guoyouchao/Desktop/work/Cocos官方版本/CocosCreator.app/Contents/Resources/app.asar/editor-framework/lib/renderer/panel.js:1:1941)
    at EventEmitter.o.on.s (/Users/guoyouchao/Desktop/work/Cocos官方版本/CocosCreator.app/Contents/Resources/app.asar/editor-framework/lib/renderer/ipc.js:1:2917)
    at emitMany (events.js:127:13)
    at EventEmitter.emit (events.js:204:7)
2018-10-04T11:08:41.741Z - error: Simulator: ERROR: TypeError: null is not an object (evaluating 'node._components.length'), location: src/cocos2d-jsb.js:21926:45
STACK:
_activateNodeRecursively@src/cocos2d-jsb.js:21926:45
activateNode@src/cocos2d-jsb.js:21975:42
_activate@src/cocos2d-jsb.js:8930:50
runSceneImmediate@src/cocos2d-jsb.js:6890:26
main.js:53:54
src/cocos2d-jsb.js:24630:33
src/cocos2d-jsb.js:20083:38
src/cocos2d-jsb.js:29176:21
fireTimeout@jsb-adapter/jsb-builtin.js:2058:30
tick@jsb-adapter/jsb-builtin.js:2023:16
    at HTMLElement.print-simulator-log (/Users/guoyouchao/Desktop/work/Cocos官方版本/CocosCreator.app/Contents/Resources/app.asar/editor/builtin/scene/panel/messages/scene.js:1:1487)
    at Object.e._dispatch (/Users/guoyouchao/Desktop/work/Cocos官方版本/CocosCreator.app/Contents/Resources/app.asar/editor-framework/lib/renderer/panel.js:1:1941)
    at EventEmitter.o.on.s (/Users/guoyouchao/Desktop/work/Cocos官方版本/CocosCreator.app/Contents/Resources/app.asar/editor-framework/lib/renderer/ipc.js:1:2917)
    at emitMany (events.js:127:13)
    at EventEmitter.emit (events.js:204:7)
2018-10-04T11:08:41.742Z - normal: Simulator: ScriptEngine::cleanup begin ...
2018-10-04T11:08:41.742Z - normal: Simulator: GC begin ..., (Native -> JS map) count: 67
2018-10-04T11:08:41.758Z - normal: Simulator: GC end ..., (Native -> JS map) count: 67
2018-10-04T11:08:41.758Z - normal: Simulator: GC begin ..., (Native -> JS map) count: 67
2018-10-04T11:08:41.771Z - normal: Simulator: GC end ..., (Native -> JS map) count: 67
2018-10-04T11:08:41.773Z - normal: Simulator: GC begin ..., (Native -> JS map) count: 67
2018-10-04T11:08:41.787Z - normal: Simulator: GC end ..., (Native -> JS map) count: 67
2018-10-04T11:08:41.803Z - normal: Simulator: Destroy WebGLTexture (60) by GC
2018-10-04T11:08:41.803Z - normal: Simulator: Destroy WebGLTexture (59) by GC
2018-10-04T11:08:41.804Z - normal: Simulator: Destroy WebGLTexture (58) by GC
2018-10-04T11:08:41.804Z - normal: Simulator: Destroy WebGLTexture (57) by GC
2018-10-04T11:08:41.804Z - normal: Simulator: Destroy WebGLTexture (56) by GC
2018-10-04T11:08:41.805Z - normal: Simulator: Destroy WebGLTexture (55) by GC
2018-10-04T11:08:41.805Z - normal: Simulator: Destroy WebGLTexture (54) by GC
2018-10-04T11:08:41.805Z - normal: Simulator: Destroy WebGLTexture (53) by GC
2018-10-04T11:08:41.806Z - normal: Simulator: Destroy WebGLTexture (52) by GC
2018-10-04T11:08:41.806Z - normal: Simulator: Destroy WebGLTexture (51) by GC
2018-10-04T11:08:41.806Z - normal: Simulator: Destroy WebGLTexture (50) by GC
2018-10-04T11:08:41.806Z - normal: Simulator: Destroy WebGLTexture (49) by GC
2018-10-04T11:08:41.807Z - normal: Simulator: Destroy WebGLTexture (48) by GC
2018-10-04T11:08:41.808Z - normal: Simulator: Destroy WebGLTexture (47) by GC
2018-10-04T11:08:41.808Z - normal: Simulator: Destroy WebGLTexture (46) by GC
2018-10-04T11:08:41.809Z - normal: Simulator: Destroy WebGLTexture (45) by GC
2018-10-04T11:08:41.810Z - normal: Simulator: Destroy WebGLTexture (44) by GC
2018-10-04T11:08:41.810Z - normal: Simulator: Destroy WebGLTexture (43) by GC
2018-10-04T11:08:41.810Z - normal: Simulator: Destroy WebGLTexture (42) by GC
2018-10-04T11:08:41.811Z - normal: Simulator: Destroy WebGLTexture (41) by GC
2018-10-04T11:08:41.811Z - normal: Simulator: Destroy WebGLTexture (40) by GC
2018-10-04T11:08:41.811Z - normal: Simulator: Destroy WebGLTexture (39) by GC
2018-10-04T11:08:41.812Z - normal: Simulator: Destroy WebGLTexture (38) by GC
2018-10-04T11:08:41.812Z - normal: Simulator: Destroy WebGLTexture (37) by GC
2018-10-04T11:08:41.812Z - normal: Simulator: Destroy WebGLTexture (36) by GC
2018-10-04T11:08:41.812Z - normal: Simulator: Destroy WebGLTexture (35) by GC
2018-10-04T11:08:41.812Z - normal: Simulator: Destroy WebGLTexture (34) by GC
2018-10-04T11:08:41.813Z - normal: Simulator: Destroy WebGLTexture (33) by GC
2018-10-04T11:08:41.813Z - normal: Simulator: Destroy WebGLTexture (32) by GC
2018-10-04T11:08:41.814Z - normal: Simulator: Destroy WebGLTexture (31) by GC
2018-10-04T11:08:41.814Z - normal: Simulator: Destroy WebGLTexture (30) by GC
2018-10-04T11:08:41.814Z - normal: Simulator: Destroy WebGLTexture (29) by GC
2018-10-04T11:08:41.814Z - normal: Simulator: Destroy WebGLTexture (28) by GC
2018-10-04T11:08:41.815Z - normal: Simulator: Destroy WebGLTexture (27) by GC
2018-10-04T11:08:41.815Z - normal: Simulator: Destroy WebGLTexture (26) by GC
2018-10-04T11:08:41.815Z - normal: Simulator: Destroy WebGLTexture (25) by GC
2018-10-04T11:08:41.815Z - normal: Simulator: Destroy WebGLTexture (24) by GC
2018-10-04T11:08:41.816Z - normal: Simulator: Destroy WebGLTexture (23) by GC
2018-10-04T11:08:41.818Z - normal: Simulator: Destroy WebGLTexture (22) by GC
2018-10-04T11:08:41.818Z - normal: Simulator: Destroy WebGLTexture (21) by GC
2018-10-04T11:08:41.818Z - normal: Simulator: Destroy WebGLTexture (20) by GC
2018-10-04T11:08:41.819Z - normal: Simulator: Destroy WebGLTexture (19) by GC
2018-10-04T11:08:41.820Z - normal: Simulator: Destroy WebGLTexture (18) by GC
2018-10-04T11:08:41.820Z - normal: Simulator: Destroy WebGLTexture (17) by GC
2018-10-04T11:08:41.820Z - normal: Simulator: Destroy WebGLTexture (16) by GC
2018-10-04T11:08:41.821Z - normal: Simulator: Destroy WebGLTexture (15) by GC
2018-10-04T11:08:41.821Z - normal: Simulator: Destroy WebGLTexture (14) by GC
2018-10-04T11:08:41.821Z - normal: Simulator: Destroy WebGLTexture (13) by GC
2018-10-04T11:08:41.822Z - normal: Simulator: Destroy WebGLTexture (12) by GC
2018-10-04T11:08:41.822Z - normal: Simulator: Destroy WebGLTexture (11) by GC
2018-10-04T11:08:41.822Z - normal: Simulator: Destroy WebGLTexture (10) by GC
2018-10-04T11:08:41.822Z - normal: Simulator: Destroy WebGLTexture (9) by GC
2018-10-04T11:08:41.822Z - normal: Simulator: Destroy WebGLTexture (8) by GC
2018-10-04T11:08:41.823Z - normal: Simulator: Destroy WebGLTexture (7) by GC
2018-10-04T11:08:41.823Z - normal: Simulator: Destroy WebGLTexture (6) by GC
2018-10-04T11:08:41.823Z - normal: Simulator: Destroy WebGLTexture (5) by GC
2018-10-04T11:08:41.823Z - normal: Simulator: Destroy WebGLTexture (4) by GC
2018-10-04T11:08:41.823Z - normal: Simulator: Destroy WebGLTexture (3) by GC
2018-10-04T11:08:41.824Z - normal: Simulator: Destroy WebGLTexture (2) by GC
2018-10-04T11:08:41.824Z - normal: Simulator: Destroy WebGLTexture (1) by GC
2018-10-04T11:08:41.825Z - normal: Simulator: Destroy WebGLBuffer (4) by GC
2018-10-04T11:08:41.827Z - normal: Simulator: Destroy WebGLBuffer (3) by GC
2018-10-04T11:08:41.827Z - normal: Simulator: Destroy WebGLBuffer (2) by GC
2018-10-04T11:08:41.827Z - normal: Simulator: Destroy WebGLBuffer (1) by GC
2018-10-04T11:08:41.829Z - normal: Simulator: ScriptEngine::cleanup end ...
2018-10-04T11:09:11.951Z - normal: Start building with options : {
  "actualPlatform": "wechatgame",
  "apiLevel": "",
  "appABIs": [],
  "appKey": "",
  "appSecret": "",
  "buildPath": "/Users/guoyouchao/Desktop/work/Ty/happyaddone/wx-addone/branch/huanpi/build",
  "debug": false,
  "dest": "/Users/guoyouchao/Desktop/work/Ty/happyaddone/wx-addone/branch/huanpi/build/wechatgame",
  "embedWebDebugger": false,
  "encryptJs": true,
  "excludeScenes": [],
  "excludedModules": [
    "TiledMap",
    "Spine Skeleton",
    "DragonBones",
    "VideoPlayer",
    "WebView",
    "Collider",
    "Physics"
  ],
  "fb-instant-games": {},
  "includeAnySDK": false,
  "includeSDKBox": false,
  "inlineSpriteFrames": true,
  "inlineSpriteFrames_native": true,
  "jailbreakPlatform": false,
  "md5Cache": false,
  "mergeStartScene": false,
  "oauthLoginServer": "",
  "optimizeHotUpdate": true,
  "orientation": {
    "landscapeLeft": true,
    "landscapeRight": true,
    "portrait": false,
    "upsideDown": false
  },
  "packageName": "org.cocos2d.helloworld",
  "platform": "wechatgame",
  "previewHeight": "720",
  "previewWidth": "1280",
  "privateKey": "",
  "qqplay": {
    "REMOTE_SERVER_ROOT": "",
    "orientation": "portrait"
  },
  "scenes": [
    "905a3099-7e1d-43d9-afae-7f04c3eda863",
    "2d2f792f-a40c-49bb-a189-ed176a246e49"
  ],
  "sourceMaps": false,
  "startScene": "905a3099-7e1d-43d9-afae-7f04c3eda863",
  "template": "link",
  "title": "addone",
  "useDebugKeystore": true,
  "vsVersion": "auto",
  "webOrientation": "auto",
  "wechatgame": {
    "REMOTE_SERVER_ROOT": "",
    "appid": "wx1505f9b75e01fe46",
    "isSubdomain": false,
    "orientation": "portrait",
    "subContext": ""
  },
  "xxteaKey": "b552544a-ae1d-4d",
  "zipCompressJs": true,
  "project": "/Users/guoyouchao/Desktop/work/Ty/happyaddone/wx-addone/branch/huanpi",
  "projectName": "addone",
  "debugBuildWorker": false
}
2018-10-04T11:09:11.953Z - normal: Building /Users/guoyouchao/Desktop/work/Ty/happyaddone/wx-addone/branch/huanpi
2018-10-04T11:09:11.953Z - normal: Destination /Users/guoyouchao/Desktop/work/Ty/happyaddone/wx-addone/branch/huanpi/build/wechatgame
2018-10-04T11:09:12.252Z - normal: Delete /Users/guoyouchao/Desktop/work/Ty/happyaddone/wx-addone/branch/huanpi/build/wechatgame/**/*
2018-10-04T11:09:58.672Z - normal: Start building assets
2018-10-04T11:09:58.673Z - normal: Start spawn build-worker
2018-10-04T11:09:59.464Z - normal: Finish spawn build-worker
2018-10-04T11:09:59.464Z - normal: Start init build-worker
2018-10-04T11:10:03.010Z - normal: AddOne boot start
2018-10-04T11:10:03.020Z - normal: AddOne boot end
2018-10-04T11:10:03.079Z - normal: Finish init build-worker
2018-10-04T11:10:03.080Z - normal: Start build-assets in worker
2018-10-04T11:10:13.301Z - normal: Finish build-assets in worker
2018-10-04T11:10:13.304Z - normal: Finish building assets
2018-10-04T11:10:13.345Z - normal: Start building plugin scripts
2018-10-04T11:10:13.706Z - normal: Finish building plugin scripts
2018-10-04T11:10:13.709Z - normal: Generating main.js from /Users/guoyouchao/Desktop/work/Cocos官方版本/CocosCreator.app/Contents/Resources/static/build-templates/shares/main.js
2018-10-04T11:10:15.092Z - normal: Built to "/Users/guoyouchao/Desktop/work/Ty/happyaddone/wx-addone/branch/huanpi/build/wechatgame" successfully
2018-10-04T11:26:45.282Z - normal: Initializing...

2018-10-04T11:26:45.289Z - normal: idePortFile: /Users/guoyouchao/Library/Application Support/微信web开发者工具/Default/.ide

2018-10-04T11:26:45.327Z - normal: IDE server has started, listening on http://127.0.0.1:20218

2018-10-04T11:26:45.327Z - normal: initialization finished

2018-10-04T11:26:47.257Z - normal: open IDE success

2018-10-04T11:27:45.494Z - normal: Initializing...

2018-10-04T11:27:45.500Z - normal: idePortFile: /Users/guoyouchao/Library/Application Support/微信web开发者工具/Default/.ide

2018-10-04T11:27:45.520Z - normal: IDE server has started, listening on http://127.0.0.1:20218

2018-10-04T11:27:45.520Z - normal: initialization finished

2018-10-04T11:27:47.001Z - normal: open IDE success

2018-10-04T12:52:08.731Z - info: shutdown preview server
